<?xml version="1.0" encoding="UTF-8"?>
<testng-results ignored="0" total="1" passed="1" failed="0" skipped="0">
  <reporter-output>
  </reporter-output>
  <suite started-at="2024-06-16T13:43:57 IST" name="Default suite" finished-at="2024-06-16T13:44:23 IST" duration-ms="25909">
    <groups>
    </groups>
    <test started-at="2024-06-16T13:43:57 IST" name="Default test" finished-at="2024-06-16T13:44:23 IST" duration-ms="25909">
      <class name="com.NewAutomationProject.testCases.TC_004_AddToCartTest">
        <test-method is-config="true" signature="setUp()[pri:0, instance:com.NewAutomationProject.testCases.TC_004_AddToCartTest@2892d68]" started-at="2024-06-16T13:43:57 IST" name="setUp" finished-at="2024-06-16T13:44:01 IST" duration-ms="3981" status="PASS">
          <reporter-output>
          </reporter-output>
        </test-method> <!-- setUp -->
        <test-method signature="addToCart()[pri:0, instance:com.NewAutomationProject.testCases.TC_004_AddToCartTest@2892d68]" started-at="2024-06-16T13:44:01 IST" name="addToCart" finished-at="2024-06-16T13:44:21 IST" duration-ms="20436" status="PASS">
          <reporter-output>
          </reporter-output>
        </test-method> <!-- addToCart -->
        <test-method is-config="true" signature="closeBrowser()[pri:0, instance:com.NewAutomationProject.testCases.TC_004_AddToCartTest@2892d68]" started-at="2024-06-16T13:44:21 IST" name="closeBrowser" finished-at="2024-06-16T13:44:23 IST" duration-ms="1441" status="PASS">
          <reporter-output>
          </reporter-output>
        </test-method> <!-- closeBrowser -->
      </class> <!-- com.NewAutomationProject.testCases.TC_004_AddToCartTest -->
    </test> <!-- Default test -->
  </suite> <!-- Default suite -->
</testng-results>
