<?xml version="1.0" encoding="UTF-8"?>
<testng-results ignored="0" total="1" passed="1" failed="0" skipped="0">
  <reporter-output>
  </reporter-output>
  <suite started-at="2025-03-29T11:19:01 IST" name="Default suite" finished-at="2025-03-29T11:21:23 IST" duration-ms="142117">
    <groups>
    </groups>
    <test started-at="2025-03-29T11:19:01 IST" name="Default test" finished-at="2025-03-29T11:21:23 IST" duration-ms="142117">
      <class name="com.NewAutomationProject.testCases.TC_001_RahulShettyPage_Test">
        <test-method is-config="true" signature="setupData()[pri:0, instance:com.NewAutomationProject.testCases.TC_001_RahulShettyPage_Test@5ab956d7]" started-at="2025-03-29T11:19:01 IST" name="setupData" finished-at="2025-03-29T11:19:14 IST" duration-ms="13100" status="PASS">
          <reporter-output>
          </reporter-output>
        </test-method> <!-- setupData -->
        <test-method signature="rahulShettyPageValidationDemo()[pri:0, instance:com.NewAutomationProject.testCases.TC_001_RahulShettyPage_Test@5ab956d7]" started-at="2025-03-29T11:19:14 IST" name="rahulShettyPageValidationDemo" finished-at="2025-03-29T11:21:23 IST" duration-ms="128560" status="PASS">
          <reporter-output>
          </reporter-output>
        </test-method> <!-- rahulShettyPageValidationDemo -->
        <test-method is-config="true" signature="tearDownBrowser()[pri:0, instance:com.NewAutomationProject.testCases.TC_001_RahulShettyPage_Test@5ab956d7]" started-at="2025-03-29T11:21:23 IST" name="tearDownBrowser" finished-at="2025-03-29T11:21:23 IST" duration-ms="380" status="PASS">
          <reporter-output>
          </reporter-output>
        </test-method> <!-- tearDownBrowser -->
      </class> <!-- com.NewAutomationProject.testCases.TC_001_RahulShettyPage_Test -->
    </test> <!-- Default test -->
  </suite> <!-- Default suite -->
</testng-results>
